(18996, 7)
==========================================================================================
Fold 0 Training
==========================================================================================
(15196, 7)
Hirundo-rustica                  1420
Human_noise                      1278
Human_vocal                      1120
Phylloscopus-inornatus            731
Alcedo-atthis                     721
                                 ... 
Chrysococcyx-maculatus              8
Turnix-tanki                        8
Ruspolia-nitidula                   7
Platypleura-sp12cfhirtipennis       7
Apus-cooki                          7
Name: primary_label, Length: 89, dtype: int64
(3800, 7)
Hirundo-rustica           355
Human_noise               320
Human_vocal               280
Phylloscopus-inornatus    183
Alcedo-atthis             180
                         ... 
Chrysococcyx-maculatus      2
Ruspolia-nitidula           2
Turnix-tanki                2
Apus-cooki                  2
Copsychus-malabaricus       2
Name: primary_label, Length: 89, dtype: int64
(18996, 7)
==========================================================================================
Fold 0 Training
==========================================================================================
(15196, 7)
Hirundo-rustica                  1420
Human_noise                      1278
Human_vocal                      1120
Phylloscopus-inornatus            731
Alcedo-atthis                     721
                                 ... 
Chrysococcyx-maculatus              8
Turnix-tanki                        8
Ruspolia-nitidula                   7
Platypleura-sp12cfhirtipennis       7
Apus-cooki                          7
Name: primary_label, Length: 89, dtype: int64
(3800, 7)
Hirundo-rustica           355
Human_noise               320
Human_vocal               280
Phylloscopus-inornatus    183
Alcedo-atthis             180
                         ... 
Chrysococcyx-maculatus      2
Ruspolia-nitidula           2
Turnix-tanki                2
Apus-cooki                  2
Copsychus-malabaricus       2
Name: primary_label, Length: 89, dtype: int64
(18996, 7)
==========================================================================================
Fold 0 Training
==========================================================================================
(15196, 7)
Hirundo-rustica                  1420
Human_noise                      1278
Human_vocal                      1120
Phylloscopus-inornatus            731
Alcedo-atthis                     721
                                 ... 
Chrysococcyx-maculatus              8
Turnix-tanki                        8
Ruspolia-nitidula                   7
Platypleura-sp12cfhirtipennis       7
Apus-cooki                          7
Name: primary_label, Length: 89, dtype: int64
(3800, 7)
Hirundo-rustica           355
Human_noise               320
Human_vocal               280
Phylloscopus-inornatus    183
Alcedo-atthis             180
                         ... 
Chrysococcyx-maculatus      2
Ruspolia-nitidula           2
Turnix-tanki                2
Apus-cooki                  2
Copsychus-malabaricus       2
Name: primary_label, Length: 89, dtype: int64
